[2023-09-05 22:47:52,047] INFO _log() L224   * Restarting with stat - call_trace=C:\Users\moacy\AppData\Local\Programs\Python\Python311\Lib\site-packages\werkzeug\_internal.py L224 
[2023-09-05 22:48:07,349] WARNING _log() L224   * Debugger is active! - call_trace=C:\Users\moacy\AppData\Local\Programs\Python\Python311\Lib\site-packages\werkzeug\_internal.py L224 
[2023-09-05 22:48:07,426] INFO _log() L224   * Debugger PIN: 118-637-333 - call_trace=C:\Users\moacy\AppData\Local\Programs\Python\Python311\Lib\site-packages\werkzeug\_internal.py L224 
[2023-09-05 22:48:25,983] WARNING link() L144  Erro: Não foi possível encontrar a obra The child with the doll para o artista Henri Rousseau no museu MET - call_trace=c:\env\smuseum\smuseum.py L144 
[2023-09-05 22:48:26,090] DEBUG link() L155  {"link":"Erro: N\u00e3o h\u00e1 esta obra","obra":"The child with the doll","artista":"Henri Rousseau","total_obras":2,"qtde_msmnome":0,"museu":"MET"} - call_trace=c:\env\smuseum\smuseum.py L155 
[2023-09-05 22:48:26,119] INFO _log() L224  127.0.0.1 - - [05/Sep/2023 22:48:26] "GET /smuseum?obra=The%20child%20with%20the%20doll&artista=Henri%20Rousseau HTTP/1.1" 200 - - call_trace=C:\Users\moacy\AppData\Local\Programs\Python\Python311\Lib\site-packages\werkzeug\_internal.py L224 
[2023-09-05 22:49:09,378] WARNING link() L144  Erro: Não foi possível encontrar a obra The child with the doll para o artista Henri Rousseau no museu MET - call_trace=c:\env\smuseum\smuseum.py L144 
[2023-09-05 22:49:09,390] DEBUG link() L155  {"link":"Erro: N\u00e3o h\u00e1 esta obra","obra":"The child with the doll","artista":"Henri Rousseau","total_obras":2,"qtde_msmnome":0,"museu":"MET"} - call_trace=c:\env\smuseum\smuseum.py L155 
[2023-09-05 22:49:09,427] INFO _log() L224  127.0.0.1 - - [05/Sep/2023 22:49:09] "GET /smuseum?obra=The%20child%20with%20the%20doll&artista=Henri%20Rousseau HTTP/1.1" 200 - - call_trace=C:\Users\moacy\AppData\Local\Programs\Python\Python311\Lib\site-packages\werkzeug\_internal.py L224 
[2023-09-05 22:50:06,277] INFO _log() L224   * Detected change in 'c:\\env\\smuseum\\smuseum.py', reloading - call_trace=C:\Users\moacy\AppData\Local\Programs\Python\Python311\Lib\site-packages\werkzeug\_internal.py L224 
[2023-09-05 22:50:08,795] INFO _log() L224   * Restarting with stat - call_trace=C:\Users\moacy\AppData\Local\Programs\Python\Python311\Lib\site-packages\werkzeug\_internal.py L224 
[2023-09-05 22:50:18,573] WARNING _log() L224   * Debugger is active! - call_trace=C:\Users\moacy\AppData\Local\Programs\Python\Python311\Lib\site-packages\werkzeug\_internal.py L224 
[2023-09-05 22:50:18,605] INFO _log() L224   * Debugger PIN: 118-637-333 - call_trace=C:\Users\moacy\AppData\Local\Programs\Python\Python311\Lib\site-packages\werkzeug\_internal.py L224 
[2023-09-05 22:51:22,575] INFO _log() L224   * Detected change in 'c:\\env\\smuseum\\smuseum.py', reloading - call_trace=C:\Users\moacy\AppData\Local\Programs\Python\Python311\Lib\site-packages\werkzeug\_internal.py L224 
[2023-09-05 22:51:24,701] INFO _log() L224   * Restarting with stat - call_trace=C:\Users\moacy\AppData\Local\Programs\Python\Python311\Lib\site-packages\werkzeug\_internal.py L224 
[2023-09-05 22:51:30,538] WARNING _log() L224   * Debugger is active! - call_trace=C:\Users\moacy\AppData\Local\Programs\Python\Python311\Lib\site-packages\werkzeug\_internal.py L224 
[2023-09-05 22:51:30,556] INFO _log() L224   * Debugger PIN: 118-637-333 - call_trace=C:\Users\moacy\AppData\Local\Programs\Python\Python311\Lib\site-packages\werkzeug\_internal.py L224 
[2023-09-05 22:52:07,047] INFO _log() L224  127.0.0.1 - - [05/Sep/2023 22:52:07] "[35m[1mGET /smuseum?obra=The%20child%20with%20the%20doll&artista=Henri%20Rousseau HTTP/1.1[0m" 500 - - call_trace=C:\Users\moacy\AppData\Local\Programs\Python\Python311\Lib\site-packages\werkzeug\_internal.py L224 
[2023-09-05 22:59:31,608] INFO _log() L224   * Detected change in 'c:\\env\\smuseum\\smuseum.py', reloading - call_trace=C:\Users\moacy\AppData\Local\Programs\Python\Python311\Lib\site-packages\werkzeug\_internal.py L224 
[2023-09-05 22:59:37,315] INFO _log() L224   * Restarting with stat - call_trace=C:\Users\moacy\AppData\Local\Programs\Python\Python311\Lib\site-packages\werkzeug\_internal.py L224 
[2023-09-05 22:59:56,787] WARNING _log() L224   * Debugger is active! - call_trace=C:\Users\moacy\AppData\Local\Programs\Python\Python311\Lib\site-packages\werkzeug\_internal.py L224 
[2023-09-05 22:59:56,911] INFO _log() L224   * Debugger PIN: 118-637-333 - call_trace=C:\Users\moacy\AppData\Local\Programs\Python\Python311\Lib\site-packages\werkzeug\_internal.py L224 
[2023-09-05 23:00:13,634] WARNING link() L144  Erro: Não foi possível encontrar a obra The child with the doll para o artista Henri Rousseau no museu MET - call_trace=c:\env\smuseum\smuseum.py L144 
[2023-09-05 23:00:13,646] DEBUG link() L155  {"link":"Erro: N\u00e3o h\u00e1 essa obra no museu MET","obra":"The child with the doll","artista":"Henri Rousseau","total_obras":2,"qtde_msmnome":0,"museu":"MET"} - call_trace=c:\env\smuseum\smuseum.py L155 
[2023-09-05 23:00:13,668] INFO _log() L224  127.0.0.1 - - [05/Sep/2023 23:00:13] "GET /smuseum?obra=The%20child%20with%20the%20doll&artista=Henri%20Rousseau HTTP/1.1" 200 - - call_trace=C:\Users\moacy\AppData\Local\Programs\Python\Python311\Lib\site-packages\werkzeug\_internal.py L224 
[2023-09-05 23:03:31,852] WARNING link() L144  Erro: Não foi possível encontrar a obra The night round para o artista Rembrandt no museu MET - call_trace=c:\env\smuseum\smuseum.py L144 
[2023-09-05 23:03:31,863] DEBUG link() L155  {"link":"Erro: N\u00e3o h\u00e1 essa obra no museu MET","obra":"The night round","artista":"Rembrandt","total_obras":420,"qtde_msmnome":0,"museu":"MET"} - call_trace=c:\env\smuseum\smuseum.py L155 
[2023-09-05 23:03:31,886] INFO _log() L224  127.0.0.1 - - [05/Sep/2023 23:03:31] "GET /smuseum?obra=The%20night%20round&artista=Rembrandt HTTP/1.1" 200 - - call_trace=C:\Users\moacy\AppData\Local\Programs\Python\Python311\Lib\site-packages\werkzeug\_internal.py L224 
